\BOOKMARK [0][-]{dummy.1}{\376\377\000D\000e\000c\000l\000a\000r\000a\000t\000i\000o\000n\000\040\000o\000f\000\040\000A\000u\000t\000h\000o\000r\000s\000h\000i\000p}{}% 1
\BOOKMARK [0][-]{dummy.2}{\376\377\000A\000b\000s\000t\000r\000a\000c\000t}{}% 2
\BOOKMARK [0][-]{dummy.3}{\376\377\000A\000c\000k\000n\000o\000w\000l\000e\000d\000g\000e\000m\000e\000n\000t\000s}{}% 3
\BOOKMARK [0][-]{dummy.4}{\376\377\000C\000o\000n\000t\000e\000n\000t\000s}{}% 4
\BOOKMARK [0][-]{dummy.6}{\376\377\000L\000i\000s\000t\000\040\000o\000f\000\040\000F\000i\000g\000u\000r\000e\000s}{}% 5
\BOOKMARK [0][-]{dummy.8}{\376\377\000L\000i\000s\000t\000\040\000o\000f\000\040\000T\000a\000b\000l\000e\000s}{}% 6
\BOOKMARK [0][-]{dummy.10}{\376\377\000A\000b\000b\000r\000e\000v\000i\000a\000t\000i\000o\000n\000s}{}% 7
\BOOKMARK [0][-]{dummy.13}{\376\377\000S\000y\000m\000b\000o\000l\000s}{}% 8
\BOOKMARK [0][-]{chapter.16}{\376\377\0001\000\040\000H\000u\000m\000b\000l\000e\000\040\000B\000e\000g\000i\000n\000n\000i\000n\000g\000s}{}% 9
\BOOKMARK [1][-]{section.17}{\376\377\0001\000.\0001\000\040\000M\000o\000t\000i\000v\000a\000t\000i\000o\000n}{chapter.16}% 10
\BOOKMARK [1][-]{section.18}{\376\377\0001\000.\0002\000\040\000B\000a\000c\000k\000g\000r\000o\000u\000n\000d}{chapter.16}% 11
\BOOKMARK [2][-]{subsection.19}{\376\377\0001\000.\0002\000.\0001\000\040\000T\000h\000e\000\040\000P\000r\000o\000b\000l\000e\000m\000s\000\040\000w\000i\000t\000h\000\040\000S\000o\000l\000a\000r}{section.18}% 12
\BOOKMARK [2][-]{subsection.20}{\376\377\0001\000.\0002\000.\0002\000\040\000L\000i\000n\000e\000a\000r\000\040\000C\000o\000n\000t\000r\000o\000l\000\040\000a\000n\000d\000\040\000t\000h\000e\000\040\000P\000W\000M\000\040\000a\000p\000p\000r\000o\000a\000c\000h}{section.18}% 13
\BOOKMARK [2][-]{subsection.21}{\376\377\0001\000.\0002\000.\0003\000\040\000H\000y\000b\000r\000i\000d\000\040\000S\000y\000s\000t\000e\000m\000s\000\040\000a\000n\000d\000\040\000H\000y\000b\000r\000i\000d\000\040\000C\000o\000n\000t\000r\000o\000l}{section.18}% 14
\BOOKMARK [1][-]{section.22}{\376\377\0001\000.\0003\000\040\000A\000p\000p\000r\000o\000a\000c\000h}{chapter.16}% 15
\BOOKMARK [0][-]{chapter.24}{\376\377\0002\000\040\000H\000a\000r\000d\000w\000a\000r\000e}{}% 16
\BOOKMARK [1][-]{section.25}{\376\377\0002\000.\0001\000\040\000H\000a\000r\000d\000w\000a\000r\000e}{chapter.24}% 17
\BOOKMARK [2][-]{subsection.26}{\376\377\0002\000.\0001\000.\0001\000\040\000I\000n\000v\000e\000r\000t\000e\000r\000\040\000S\000y\000s\000t\000e\000m\000\040\000O\000v\000e\000r\000v\000i\000e\000w}{section.25}% 18
\BOOKMARK [2][-]{subsection.27}{\376\377\0002\000.\0001\000.\0002\000\040\000L\000o\000g\000i\000c\000\040\000P\000o\000w\000e\000r\000\040\000S\000u\000p\000p\000l\000y}{section.25}% 19
\BOOKMARK [2][-]{subsection.28}{\376\377\0002\000.\0001\000.\0003\000\040\000B\000o\000o\000s\000t\000\040\000C\000o\000n\000v\000e\000r\000t\000e\000r}{section.25}% 20
\BOOKMARK [2][-]{subsection.49}{\376\377\0002\000.\0001\000.\0004\000\040\000H\000-\000B\000r\000i\000d\000g\000e}{section.25}% 21
\BOOKMARK [3][-]{subsubsection.50}{\376\377\0002\000.\0001\000.\0004\000.\0001\000\040\000S\000w\000i\000t\000c\000h\000i\000n\000g\000\040\000L\000o\000s\000s\000\040\000a\000n\000d\000\040\000C\000o\000n\000d\000u\000c\000t\000i\000o\000n\000\040\000L\000o\000s\000s}{subsection.49}% 22
\BOOKMARK [2][-]{subsection.51}{\376\377\0002\000.\0001\000.\0005\000\040\000R\000L\000C\000\040\000F\000i\000l\000t\000e\000r}{section.25}% 23
\BOOKMARK [2][-]{subsection.53}{\376\377\0002\000.\0001\000.\0006\000\040\000A\000C\000\040\000O\000u\000t\000p\000u\000t\000\040\000S\000e\000n\000s\000o\000r\000s}{section.25}% 24
\BOOKMARK [2][-]{subsection.54}{\376\377\0002\000.\0001\000.\0007\000\040\000M\000i\000c\000r\000o\000c\000o\000n\000t\000r\000o\000l\000l\000e\000r\000\040\000a\000n\000d\000\040\000U\000S\000B\000-\000J\000T\000A\000G\000\040\000I\000n\000t\000e\000r\000f\000a\000c\000e}{section.25}% 25
\BOOKMARK [2][-]{subsection.55}{\376\377\0002\000.\0001\000.\0008\000\040\000C\000o\000m\000p\000l\000e\000t\000e\000\040\000H\000a\000r\000d\000w\000a\000r\000e\000\040\000S\000y\000s\000t\000e\000m}{section.25}% 26
\BOOKMARK [0][-]{chapter.58}{\376\377\0003\000\040\000S\000o\000f\000t\000w\000a\000r\000e}{}% 27
\BOOKMARK [1][-]{section.59}{\376\377\0003\000.\0001\000\040\000S\000o\000f\000t\000w\000a\000r\000e\000\040\000a\000n\000d\000\040\000t\000h\000e\000\040\000H\000y\000b\000r\000i\000d\000\040\000A\000l\000g\000o\000r\000i\000t\000h\000m}{chapter.58}% 28
\BOOKMARK [2][-]{subsection.60}{\376\377\0003\000.\0001\000.\0001\000\040\000T\000h\000e\000\040\000H\000y\000b\000r\000i\000d\000\040\000A\000l\000g\000o\000r\000i\000t\000h\000m}{section.59}% 29
\BOOKMARK [2][-]{subsection.61}{\376\377\0003\000.\0001\000.\0002\000\040\000A\000n\000a\000l\000y\000s\000i\000s\000\040\000o\000f\000\040\000t\000h\000e\000\040\000S\000w\000i\000t\000c\000h\000i\000n\000g\000\040\000W\000a\000v\000e\000f\000o\000r\000m\000\040\000G\000i\000v\000e\000n\000\040\000b\000y\000\040\000T\000h\000e\000\040\000J\000u\000m\000p\000\040\000M\000a\000p\000\040\000o\000f\000\040\000t\000h\000e\000\040\000H\000y\000b\000r\000i\000d\000\040\000A\000l\000g\000o\000r\000i\000t\000h\000m}{section.59}% 30
\BOOKMARK [2][-]{subsection.63}{\376\377\0003\000.\0001\000.\0003\000\040\000S\000e\000l\000e\000c\000t\000i\000n\000g\000\040\000t\000h\000e\000\040\000C}{section.59}% 31
\BOOKMARK [2][-]{subsection.64}{\376\377\0003\000.\0001\000.\0004\000\040\000S\000o\000f\000t\000w\000a\000r\000e\000\040\000S\000y\000s\000t\000e\000m\000\040\000O\000v\000e\000r\000v\000i\000e\000w}{section.59}% 32
\BOOKMARK [2][-]{subsection.67}{\376\377\0003\000.\0001\000.\0005\000\040\000S\000t\000a\000t\000e\000\040\000F\000r\000a\000m\000e\000w\000o\000r\000k}{section.59}% 33
\BOOKMARK [2][-]{subsection.107}{\376\377\0003\000.\0001\000.\0006\000\040\000T\000h\000e\000\040\000D\000i\000g\000i\000t\000a\000l\000\040\000P\000o\000w\000e\000r\000\040\000L\000i\000b\000r\000a\000r\000y}{section.59}% 34
\BOOKMARK [2][-]{subsection.108}{\376\377\0003\000.\0001\000.\0007\000\040\000H\000y\000b\000r\000i\000d\000\040\000A\000l\000g\000o\000r\000i\000t\000h\000m\000\040\000I\000m\000p\000l\000e\000m\000e\000n\000t\000a\000t\000i\000o\000n\000\040\000D\000e\000t\000a\000i\000l\000s}{section.59}% 35
\BOOKMARK [3][-]{subsubsection.109}{\376\377\0003\000.\0001\000.\0007\000.\0001\000\040\000T\000h\000e\000\040\000M\000a\000t\000l\000a\000b\000\040\000I\000m\000p\000l\000e\000m\000e\000n\000t\000a\000t\000i\000o\000n}{subsection.108}% 36
\BOOKMARK [3][-]{subsubsection.258}{\376\377\0003\000.\0001\000.\0007\000.\0002\000\040\000T\000h\000e\000\040\000C\000\040\000I\000m\000p\000l\000e\000m\000e\000n\000t\000a\000t\000i\000o\000n\000\040\000o\000n\000\040\000t\000h\000e\000\040\000C\0002\0000\0000\0000}{subsection.108}% 37
\BOOKMARK [0][-]{chapter.404}{\376\377\0004\000\040\000L\000i\000n\000e\000a\000r\000\040\000C\000o\000n\000t\000r\000o\000l\000\040\000o\000f\000\040\000t\000h\000e\000\040\000B\000o\000o\000s\000t\000\040\000C\000o\000n\000v\000e\000r\000t\000e\000r}{}% 38
\BOOKMARK [1][-]{section.405}{\376\377\0004\000.\0001\000\040\000D\000C\000\040\000B\000o\000o\000s\000t\000\040\000C\000o\000n\000t\000r\000o\000l\000l\000e\000r}{chapter.404}% 39
\BOOKMARK [2][-]{subsubsection.407}{\376\377\0004\000.\0001\000.\0000\000.\0003\000\040\000T\000o\000w\000a\000r\000d\000s\000\040\000a\000\040\000L\000i\000n\000e\000a\000r\000\040\000M\000o\000d\000e\000l\000\040\000o\000f\000\040\000t\000h\000e\000\040\000D\000C\000\040\000B\000o\000o\000s\000t}{section.405}% 40
\BOOKMARK [3][-]{subsubsection.408}{\376\377\0004\000.\0001\000.\0000\000.\0004\000\040\000D\000y\000n\000a\000m\000i\000c\000\040\000A\000v\000e\000r\000a\000g\000i\000n\000g}{subsubsection.407}% 41
\BOOKMARK [3][-]{subsubsection.411}{\376\377\0004\000.\0001\000.\0000\000.\0005\000\040\000S\000t\000a\000t\000e\000\040\000S\000p\000a\000c\000e\000\040\000A\000v\000e\000r\000a\000g\000i\000n\000g}{subsubsection.407}% 42
\BOOKMARK [3][-]{subsubsection.424}{\376\377\0004\000.\0001\000.\0000\000.\0006\000\040\000N\000u\000m\000e\000r\000i\000c\000a\000l\000\040\000M\000e\000t\000h\000o\000d\000s\000\040\000i\000n\000\040\000M\000a\000t\000l\000a\000b}{subsubsection.407}% 43
\BOOKMARK [3][-]{subsubsection.427}{\376\377\0004\000.\0001\000.\0000\000.\0007\000\040\000S\000m\000a\000l\000l\000\040\000S\000i\000g\000n\000a\000l\000\040\000A\000n\000a\000l\000y\000s\000i\000s}{subsubsection.407}% 44
\BOOKMARK [2][-]{subsection.437}{\376\377\0004\000.\0001\000.\0001\000\040\0002\000P\0002\000Z}{section.405}% 45
\BOOKMARK [2][-]{subsection.438}{\376\377\0004\000.\0001\000.\0002\000\040\000B\000o\000o\000s\000t\000\040\000C\000o\000n\000t\000r\000o\000l\000l\000e\000r\000\040\000C\000o\000n\000c\000l\000u\000s\000i\000o\000n}{section.405}% 46
\BOOKMARK [0][-]{chapter.439}{\376\377\0005\000\040\000A\000n\000a\000l\000y\000s\000i\000s\000\040\000a\000n\000d\000\040\000C\000o\000n\000c\000l\000u\000s\000i\000o\000n}{}% 47
\BOOKMARK [1][-]{section.440}{\376\377\0005\000.\0001\000\040\000P\000W\000M}{chapter.439}% 48
\BOOKMARK [1][-]{section.441}{\376\377\0005\000.\0002\000\040\000H\000y\000b\000r\000i\000d}{chapter.439}% 49
\BOOKMARK [1][-]{section.442}{\376\377\0005\000.\0003\000\040\000C\000o\000n\000c\000l\000u\000s\000i\000o\000n}{chapter.439}% 50
\BOOKMARK [0][-]{appendix.443}{\376\377\000A\000\040\000A\000p\000p\000e\000n\000d\000i\000x\000\040\000T\000i\000t\000l\000e\000\040\000H\000e\000r\000e}{}% 51
\BOOKMARK [0][-]{dummy.457}{\376\377\000B\000i\000b\000l\000i\000o\000g\000r\000a\000p\000h\000y}{}% 52
